<?xml version="1.0" encoding="UTF-8"?>
<testsuite xmlns:xsi="http://www.w3.org/2001/XMLSchema-instance" xsi:noNamespaceSchemaLocation="https://maven.apache.org/surefire/maven-surefire-plugin/xsd/surefire-test-report-3.0.xsd" version="3.0" name="com.portfolio.quice.QuiceApplicationTests" time="2.465" tests="1" errors="0" skipped="0" failures="0">
  <properties>
[...]
</properties>
  <testcase name="contextLoads" classname="com.portfolio.quice.QuiceApplicationTests" time="0.712">
    <system-out><![CDATA[13:59:53.954 [main] INFO org.springframework.test.context.support.AnnotationConfigContextLoaderUtils -- Could not detect default configuration classes for test class [com.portfolio.quice.QuiceApplicationTests]: QuiceApplicationTests does not declare any static, non-private, non-final, nested classes annotated with @Configuration.
13:59:54.036 [main] INFO org.springframework.boot.test.context.SpringBootTestContextBootstrapper -- Found @SpringBootConfiguration com.portfolio.quice.QuiceApplication for test class com.portfolio.quice.QuiceApplicationTests
13:59:54.156 [main] INFO org.springframework.boot.devtools.restart.RestartApplicationListener -- Restart disabled due to context in which it is running

  .   ____          _            __ _ _
 /\\ / ___'_ __ _ _(_)_ __  __ _ \ \ \ \
( ( )\___ | '_ | '_| | '_ \/ _` | \ \ \ \
 \\/  ___)| |_)| | | | | || (_| |  ) ) ) )
  '  |____| .__|_| |_|_| |_\__, | / / / /
 =========|_|==============|___/=/_/_/_/
 :: Spring Boot ::                (v3.2.5)

2024-05-15T13:59:54.341-04:00  INFO 97034 --- [           main] c.portfolio.quice.QuiceApplicationTests  : Starting QuiceApplicationTests using Java 21.0.1 with PID 97034 (started by bguegan in /Users/bguegan/personal/quice/basic-authentication)
2024-05-15T13:59:54.342-04:00  INFO 97034 --- [           main] c.portfolio.quice.QuiceApplicationTests  : No active profile set, falling back to 1 default profile: "default"
2024-05-15T13:59:55.180-04:00  INFO 97034 --- [           main] o.s.b.a.w.s.WelcomePageHandlerMapping    : Adding welcome page template: index
2024-05-15T13:59:55.394-04:00  WARN 97034 --- [           main] .s.s.UserDetailsServiceAutoConfiguration : 

Using generated security password: d8c4f461-0528-41da-b06d-67ce86ebd4f7

This generated password is for development use only. Your security configuration must be updated before running your application in production.

2024-05-15T13:59:55.501-04:00  INFO 97034 --- [           main] o.s.s.web.DefaultSecurityFilterChain     : Will secure any request with [org.springframework.security.web.session.DisableEncodeUrlFilter@3e39baf0, org.springframework.security.web.context.request.async.WebAsyncManagerIntegrationFilter@83bb0f, org.springframework.security.web.context.SecurityContextHolderFilter@707e4fe4, org.springframework.security.web.header.HeaderWriterFilter@4da1f38a, org.springframework.web.filter.CorsFilter@25a94b55, org.springframework.security.web.csrf.CsrfFilter@79476a4e, org.springframework.security.web.authentication.logout.LogoutFilter@1235151c, org.springframework.security.web.authentication.UsernamePasswordAuthenticationFilter@51e3d37e, org.springframework.security.web.authentication.ui.DefaultLoginPageGeneratingFilter@4751e8b9, org.springframework.security.web.authentication.ui.DefaultLogoutPageGeneratingFilter@6adc5b9c, org.springframework.security.web.authentication.www.BasicAuthenticationFilter@1095d23a, org.springframework.security.web.savedrequest.RequestCacheAwareFilter@377874b4, org.springframework.security.web.servletapi.SecurityContextHolderAwareRequestFilter@14422d9d, org.springframework.security.web.authentication.AnonymousAuthenticationFilter@19c1820d, org.springframework.security.web.access.ExceptionTranslationFilter@45e6d1e0, org.springframework.security.web.access.intercept.AuthorizationFilter@4f486211]
2024-05-15T13:59:55.548-04:00  INFO 97034 --- [           main] c.portfolio.quice.QuiceApplicationTests  : Started QuiceApplicationTests in 1.403 seconds (process running for 2.19)
]]></system-out>
    <system-err><![CDATA[WARNING: A Java agent has been loaded dynamically (/Users/bguegan/.m2/repository/net/bytebuddy/byte-buddy-agent/1.14.13/byte-buddy-agent-1.14.13.jar)
WARNING: If a serviceability tool is in use, please run with -XX:+EnableDynamicAgentLoading to hide this warning
WARNING: If a serviceability tool is not in use, please run with -Djdk.instrument.traceUsage for more information
WARNING: Dynamic loading of agents will be disallowed by default in a future release
]]></system-err>
  </testcase>
</testsuite>